<?xml version="1.0" encoding="UTF-8"?>
<testng-results ignored="0" total="1" passed="1" failed="0" skipped="0">
  <reporter-output>
  </reporter-output>
  <suite started-at="2021-03-23T09:52:00Z" name="Default suite" finished-at="2021-03-23T09:52:00Z" duration-ms="32">
    <groups>
    </groups>
    <test started-at="2021-03-23T09:52:00Z" name="Default test" finished-at="2021-03-23T09:52:00Z" duration-ms="32">
      <class name="personal.selenium.framework.java.SeleniumWithJava.TestNGAnnotationSequenceExecution">
        <test-method is-config="true" signature="BeforeSuiteMethod()[pri:0, instance:personal.selenium.framework.java.SeleniumWithJava.TestNGAnnotationSequenceExecution@ae13544]" started-at="2021-03-23T09:52:00Z" name="BeforeSuiteMethod" finished-at="2021-03-23T09:52:00Z" duration-ms="10" status="PASS">
          <reporter-output>
          </reporter-output>
        </test-method> <!-- BeforeSuiteMethod -->
        <test-method is-config="true" signature="BeforeTestMethod()[pri:0, instance:personal.selenium.framework.java.SeleniumWithJava.TestNGAnnotationSequenceExecution@ae13544]" started-at="2021-03-23T09:52:00Z" name="BeforeTestMethod" finished-at="2021-03-23T09:52:00Z" duration-ms="1" status="PASS">
          <reporter-output>
          </reporter-output>
        </test-method> <!-- BeforeTestMethod -->
        <test-method signature="TestMethod()[pri:0, instance:personal.selenium.framework.java.SeleniumWithJava.TestNGAnnotationSequenceExecution@ae13544]" started-at="2021-03-23T09:52:00Z" name="TestMethod" finished-at="2021-03-23T09:52:00Z" duration-ms="6" status="PASS">
          <reporter-output>
          </reporter-output>
        </test-method> <!-- TestMethod -->
        <test-method is-config="true" signature="AfterTestMethod()[pri:0, instance:personal.selenium.framework.java.SeleniumWithJava.TestNGAnnotationSequenceExecution@ae13544]" started-at="2021-03-23T09:52:00Z" name="AfterTestMethod" finished-at="2021-03-23T09:52:00Z" duration-ms="1" status="PASS">
          <reporter-output>
          </reporter-output>
        </test-method> <!-- AfterTestMethod -->
        <test-method is-config="true" signature="AfterSuiteMethod()[pri:0, instance:personal.selenium.framework.java.SeleniumWithJava.TestNGAnnotationSequenceExecution@ae13544]" started-at="2021-03-23T09:52:01Z" name="AfterSuiteMethod" finished-at="2021-03-23T09:52:01Z" duration-ms="0" status="PASS">
          <reporter-output>
          </reporter-output>
        </test-method> <!-- AfterSuiteMethod -->
      </class> <!-- personal.selenium.framework.java.SeleniumWithJava.TestNGAnnotationSequenceExecution -->
    </test> <!-- Default test -->
  </suite> <!-- Default suite -->
</testng-results>
